------------------------------------------------------------------------------------------------------------------------

[2020-03-21 18:28:51 #1 store] 
Database 'C:\Repositorios Github\M6_UF2\objectdb-2.8.2\db\p2.odb' is opened by 7996@DESKTOP-79KF3BD

[2020-03-21 18:28:51 #2 store] 
Configuration path: C:\Repositorios Github\M6_UF2\objectdb-2.8.2\objectdb.conf

[2020-03-21 18:28:51 #3 type] 
Type tutorial.Point is not enhanced.

[2020-03-21 18:28:51 #4 store] 
Database 'C:\Repositorios Github\M6_UF2\objectdb-2.8.2\db\p2.odb' is closed by 7996@DESKTOP-79KF3BD

------------------------------------------------------------------------------------------------------------------------

[2020-03-21 18:30:17 #1 store.file] 
readTextFile error.

[2020-03-21 18:30:17 #2 store.file] 
java.io.FileNotFoundException: C:\Users\Hector\.objectdb\exolorer.xml (El sistema no puede encontrar el archivo especificado)
	at java.base/java.io.FileInputStream.open0(Native Method)
	at java.base/java.io.FileInputStream.open(FileInputStream.java:213)
	at java.base/java.io.FileInputStream.<init>(FileInputStream.java:155)
	at java.base/java.io.FileInputStream.<init>(FileInputStream.java:110)
	at com.objectdb.o.STH.A(STH.java:717)
	at com.objectdb.o.CNF.<init>(CNF.java:106)
	at com.objectdb.o.CNF.<clinit>(CNF.java:32)
	at com.objectdb.o.MainFrame.init(MainFrame.java:132)
	at com.objectdb.o.EXA.<init>(EXA.java:77)
	at com.objectdb.Explorer$1.run(Explorer.java:57)
	at java.desktop/java.awt.event.InvocationEvent.dispatch(InvocationEvent.java:313)
	at java.desktop/java.awt.EventQueue.dispatchEventImpl(EventQueue.java:770)
	at java.desktop/java.awt.EventQueue$4.run(EventQueue.java:721)
	at java.desktop/java.awt.EventQueue$4.run(EventQueue.java:715)
	at java.base/java.security.AccessController.doPrivileged(AccessController.java:391)
	at java.base/java.security.ProtectionDomain$JavaSecurityAccessImpl.doIntersectionPrivilege(ProtectionDomain.java:85)
	at java.desktop/java.awt.EventQueue.dispatchEvent(EventQueue.java:740)
	at java.desktop/java.awt.EventDispatchThread.pumpOneEventForFilters(EventDispatchThread.java:203)
	at java.desktop/java.awt.EventDispatchThread.pumpEventsForFilter(EventDispatchThread.java:124)
	at java.desktop/java.awt.EventDispatchThread.pumpEventsForHierarchy(EventDispatchThread.java:113)
	at java.desktop/java.awt.EventDispatchThread.pumpEvents(EventDispatchThread.java:109)
	at java.desktop/java.awt.EventDispatchThread.pumpEvents(EventDispatchThread.java:101)
	at java.desktop/java.awt.EventDispatchThread.run(EventDispatchThread.java:90)

[2020-03-21 18:30:17 #3 store] 
Database 'C:\Repositorios Github\M6_UF2\objectdb-2.8.2\db\p2.odb' is opened by 5820@DESKTOP-79KF3BD

[2020-03-21 18:30:17 #4 store] 
Configuration path: C:\Repositorios Github\M6_UF2\objectdb-2.8.2\objectdb.conf

[2020-03-21 18:30:17 #5 store.file] 
readTextFile error.

[2020-03-21 18:30:17 #6 store.file] 
java.io.FileNotFoundException: C:\Users\Hector\.objectdb\exolorer.xml (El sistema no puede encontrar el archivo especificado)
	at java.base/java.io.FileInputStream.open0(Native Method)
	at java.base/java.io.FileInputStream.open(FileInputStream.java:213)
	at java.base/java.io.FileInputStream.<init>(FileInputStream.java:155)
	at java.base/java.io.FileInputStream.<init>(FileInputStream.java:110)
	at com.objectdb.o.STH.A(STH.java:717)
	at com.objectdb.o.CNF.<init>(CNF.java:106)
	at com.objectdb.o.CNF.f(CNF.java:130)
	at com.objectdb.o.CNC.s(CNC.java:119)
	at com.objectdb.o.EXA.<init>(EXA.java:87)
	at com.objectdb.Explorer$1.run(Explorer.java:57)
	at java.desktop/java.awt.event.InvocationEvent.dispatch(InvocationEvent.java:313)
	at java.desktop/java.awt.EventQueue.dispatchEventImpl(EventQueue.java:770)
	at java.desktop/java.awt.EventQueue$4.run(EventQueue.java:721)
	at java.desktop/java.awt.EventQueue$4.run(EventQueue.java:715)
	at java.base/java.security.AccessController.doPrivileged(AccessController.java:391)
	at java.base/java.security.ProtectionDomain$JavaSecurityAccessImpl.doIntersectionPrivilege(ProtectionDomain.java:85)
	at java.desktop/java.awt.EventQueue.dispatchEvent(EventQueue.java:740)
	at java.desktop/java.awt.EventDispatchThread.pumpOneEventForFilters(EventDispatchThread.java:203)
	at java.desktop/java.awt.EventDispatchThread.pumpEventsForFilter(EventDispatchThread.java:124)
	at java.desktop/java.awt.EventDispatchThread.pumpEventsForHierarchy(EventDispatchThread.java:113)
	at java.desktop/java.awt.EventDispatchThread.pumpEvents(EventDispatchThread.java:109)
	at java.desktop/java.awt.EventDispatchThread.pumpEvents(EventDispatchThread.java:101)
	at java.desktop/java.awt.EventDispatchThread.run(EventDispatchThread.java:90)

[2020-03-21 18:47:55 #7 store] 
Database 'C:\Repositorios Github\M6_UF2\objectdb-2.8.2\db\p2.odb' is closed by 5820@DESKTOP-79KF3BD

